<?xml version="1.0" encoding="UTF-8"?>
<!-- Generated by org.testng.reporters.JUnitReportReporter -->
<testsuite skipped="0" hostname="CHNIDC0877" name="week5.day2.Zoomcar_list" tests="1" failures="0" timestamp="11 Feb 2019 01:39:16 GMT" time="16.317" errors="0">
  <testcase name="zoomcar" time="16.317" classname="week5.day2.Zoomcar_list"/>
</testsuite> <!-- week5.day2.Zoomcar_list -->
