<?xml version="1.0" encoding="UTF-8"?>
<!-- Generated by org.testng.reporters.JUnitReportReporter -->
<testsuite skipped="0" hostname="Arun-PC" name="homework.MergeLead" tests="1" failures="0" timestamp="06 Feb 2019 12:32:31 GMT" time="38.819" errors="0">
  <testcase name="mergeLead" time="38.819" classname="homework.MergeLead"/>
</testsuite> <!-- homework.MergeLead -->
