<?xml version="1.0" encoding="UTF-8"?>
<!-- Generated by org.testng.reporters.JUnitReportReporter -->
<testsuite skipped="0" hostname="CHNIDC0877" name="week5.day2.Facebook" tests="1" failures="0" timestamp="16 Feb 2019 05:46:36 GMT" time="28.681" errors="0">
  <testcase name="FB" time="28.681" classname="week5.day2.Facebook"/>
</testsuite> <!-- week5.day2.Facebook -->
