<?xml version="1.0" encoding="UTF-8"?>
<!-- Generated by org.testng.reporters.JUnitReportReporter -->
<testsuite skipped="0" hostname="DESKTOP-8V9ACPV" name="bl.framework.testcases.TC001_LoginAndLogout" tests="1" failures="0" timestamp="03 Feb 2019 05:13:36 GMT" time="14.371" errors="0">
  <testcase name="login" time="14.371" classname="bl.framework.testcases.TC001_LoginAndLogout"/>
</testsuite> <!-- bl.framework.testcases.TC001_LoginAndLogout -->
