<?xml version="1.0" encoding="UTF-8"?>
<!-- Generated by org.testng.reporters.JUnitReportReporter -->
<testsuite skipped="0" hostname="Arun-PC" name="homework.TC002_CreateLead" tests="1" failures="0" timestamp="06 Feb 2019 01:43:59 GMT" time="36.265" errors="0">
  <testcase name="createLead" time="36.265" classname="homework.TC002_CreateLead"/>
</testsuite> <!-- homework.TC002_CreateLead -->
