<?xml version="1.0" encoding="UTF-8"?>
<!-- Generated by org.testng.reporters.JUnitReportReporter -->
<testsuite skipped="0" hostname="CHNIDC0877" name="week5.day2.Zoomcar" tests="1" failures="0" timestamp="10 Feb 2019 09:06:17 GMT" time="32.137" errors="0">
  <testcase name="zoomcar" time="32.137" classname="week5.day2.Zoomcar"/>
</testsuite> <!-- week5.day2.Zoomcar -->
