<?xml version="1.0" encoding="UTF-8"?>
<!-- Generated by org.testng.reporters.JUnitReportReporter -->
<testsuite skipped="0" hostname="CHNIDC0877" name="cookCounty.Single_Document_Record_GDLOrder" tests="1" failures="0" timestamp="23 Feb 2019 15:47:53 GMT" time="33.972" errors="0">
  <testcase name="login_IE" time="33.972" classname="cookCounty.Single_Document_Record_GDLOrder"/>
</testsuite> <!-- cookCounty.Single_Document_Record_GDLOrder -->
